[2026-06-01 15:43:22] [STAGE] 2. Paths and logging initialized
[2026-06-01 15:43:22] [STAGE] 2. Paths and logging initialized
[2026-06-01 15:43:23] [INFO] Run timestamp: 2026-06-01_15-42-58
[2026-06-01 15:43:23] [INFO] Run timestamp: 2026-06-01_15-42-58
[2026-06-01 15:43:24] [INFO] Local log file: output/log/analysis_log_2026-06-01_15-42-58.log
[2026-06-01 15:43:24] [INFO] Local log file: output/log/analysis_log_2026-06-01_15-42-58.log
[2026-06-01 15:43:25] [INFO] Mirror log file: C:/Users/alion/OneDrive/1.work/04_GermanLexiconProject/00_analysis/output/log/analysis_log_2026-06-01_15-42-58.log
[2026-06-01 15:43:25] [INFO] Mirror log file: C:/Users/alion/OneDrive/1.work/04_GermanLexiconProject/00_analysis/output/log/analysis_log_2026-06-01_15-42-58.log
[2026-06-01 15:45:54] [STAGE] 3. Load data
[2026-06-01 15:45:54] [STAGE] 3. Load data
[2026-06-01 15:46:16] [INFO] Using input file: clean_data/anonymized_final_data_precleaned_2026-06-01_15-19-28.csv
[2026-06-01 15:46:16] [INFO] Using input file: clean_data/anonymized_final_data_precleaned_2026-06-01_15-19-28.csv
[2026-06-01 15:46:31] [INFO] Rows loaded: 3097500
[2026-06-01 15:46:31] [INFO] Rows loaded: 3097500
[2026-06-01 15:46:33] [INFO] Participants loaded: 2474
[2026-06-01 15:46:33] [INFO] Participants loaded: 2474
[2026-06-01 15:46:33] [INFO] Using snapshot file for accuracy histogram: output/snapshot_after_step3_2026-06-01_15-19-28.csv
[2026-06-01 15:46:33] [INFO] Using snapshot file for accuracy histogram: output/snapshot_after_step3_2026-06-01_15-19-28.csv
[2026-06-01 15:46:46] [INFO] Snapshot rows loaded: 3168750
[2026-06-01 15:46:46] [INFO] Snapshot rows loaded: 3168750
[2026-06-01 15:46:47] [INFO] Snapshot participants loaded: 2531
[2026-06-01 15:46:47] [INFO] Snapshot participants loaded: 2531
[2026-06-01 15:46:47] [STAGE] 4. Prepare analysis dataset
[2026-06-01 15:46:47] [STAGE] 4. Prepare analysis dataset
[2026-06-01 15:48:23] [INFO] Valid RT rows: 3097500
[2026-06-01 15:48:23] [INFO] Valid RT rows: 3097500
[2026-06-01 15:48:24] [INFO] Trimmed RT rows (200-3000ms): 3049032
[2026-06-01 15:48:24] [INFO] Trimmed RT rows (200-3000ms): 3049032
[2026-06-01 15:48:25] [INFO] Participants with valid age: 2472
[2026-06-01 15:48:25] [INFO] Participants with valid age: 2472
[2026-06-01 15:48:29] [STAGE] 5. Compute summary tables
[2026-06-01 15:48:29] [STAGE] 5. Compute summary tables
[2026-06-01 15:48:53] [STAGE] 5. Write summary tables
[2026-06-01 15:48:53] [STAGE] 5. Write summary tables
[2026-06-01 15:48:54] [INFO] Saved CSV: output/summary/summary_overall.csv
[2026-06-01 15:48:54] [INFO] Saved CSV: output/summary/summary_overall.csv
[2026-06-01 15:48:54] [INFO] Saved CSV mirror: C:/Users/alion/OneDrive/1.work/04_GermanLexiconProject/00_analysis/output/summary/summary_overall.csv
[2026-06-01 15:48:54] [INFO] Saved CSV mirror: C:/Users/alion/OneDrive/1.work/04_GermanLexiconProject/00_analysis/output/summary/summary_overall.csv
[2026-06-01 15:48:58] [INFO] Saved CSV: output/summary/summary_age.csv
[2026-06-01 15:48:58] [INFO] Saved CSV: output/summary/summary_age.csv
[2026-06-01 15:48:58] [INFO] Saved CSV mirror: C:/Users/alion/OneDrive/1.work/04_GermanLexiconProject/00_analysis/output/summary/summary_age.csv
[2026-06-01 15:48:58] [INFO] Saved CSV mirror: C:/Users/alion/OneDrive/1.work/04_GermanLexiconProject/00_analysis/output/summary/summary_age.csv
[2026-06-01 15:48:59] [INFO] Saved CSV: output/summary/summary_rt_by_type.csv
[2026-06-01 15:48:59] [INFO] Saved CSV: output/summary/summary_rt_by_type.csv
[2026-06-01 15:48:59] [INFO] Saved CSV mirror: C:/Users/alion/OneDrive/1.work/04_GermanLexiconProject/00_analysis/output/summary/summary_rt_by_type.csv
[2026-06-01 15:48:59] [INFO] Saved CSV mirror: C:/Users/alion/OneDrive/1.work/04_GermanLexiconProject/00_analysis/output/summary/summary_rt_by_type.csv
[2026-06-01 15:49:00] [INFO] Saved CSV: output/summary/summary_accuracy_by_block.csv
[2026-06-01 15:49:00] [INFO] Saved CSV: output/summary/summary_accuracy_by_block.csv
[2026-06-01 15:49:00] [INFO] Saved CSV mirror: C:/Users/alion/OneDrive/1.work/04_GermanLexiconProject/00_analysis/output/summary/summary_accuracy_by_block.csv
[2026-06-01 15:49:00] [INFO] Saved CSV mirror: C:/Users/alion/OneDrive/1.work/04_GermanLexiconProject/00_analysis/output/summary/summary_accuracy_by_block.csv
[2026-06-01 15:49:03] [INFO] Saved CSV: output/summary/summary_accuracy_by_type.csv
[2026-06-01 15:49:03] [INFO] Saved CSV: output/summary/summary_accuracy_by_type.csv
[2026-06-01 15:49:03] [INFO] Saved CSV mirror: C:/Users/alion/OneDrive/1.work/04_GermanLexiconProject/00_analysis/output/summary/summary_accuracy_by_type.csv
[2026-06-01 15:49:03] [INFO] Saved CSV mirror: C:/Users/alion/OneDrive/1.work/04_GermanLexiconProject/00_analysis/output/summary/summary_accuracy_by_type.csv
[2026-06-01 15:49:03] [INFO] Saved CSV: output/summary/summary_within_person_accuracy_across_participants.csv
[2026-06-01 15:49:03] [INFO] Saved CSV: output/summary/summary_within_person_accuracy_across_participants.csv
[2026-06-01 15:49:03] [INFO] Saved CSV mirror: C:/Users/alion/OneDrive/1.work/04_GermanLexiconProject/00_analysis/output/summary/summary_within_person_accuracy_across_participants.csv
[2026-06-01 15:49:03] [INFO] Saved CSV mirror: C:/Users/alion/OneDrive/1.work/04_GermanLexiconProject/00_analysis/output/summary/summary_within_person_accuracy_across_participants.csv
[2026-06-01 15:49:04] [INFO] Saved CSV: output/summary/summary_accuracy_snapshot_descriptives.csv
[2026-06-01 15:49:04] [INFO] Saved CSV: output/summary/summary_accuracy_snapshot_descriptives.csv
[2026-06-01 15:49:04] [INFO] Saved CSV mirror: C:/Users/alion/OneDrive/1.work/04_GermanLexiconProject/00_analysis/output/summary/summary_accuracy_snapshot_descriptives.csv
[2026-06-01 15:49:04] [INFO] Saved CSV mirror: C:/Users/alion/OneDrive/1.work/04_GermanLexiconProject/00_analysis/output/summary/summary_accuracy_snapshot_descriptives.csv
[2026-06-01 15:49:05] [INFO] Snapshot accuracy descriptives: n=2531 mean=0.9286 sd=0.0666 median=0.9440 min=0.0384 max=0.9944
[2026-06-01 15:49:05] [INFO] Snapshot accuracy descriptives: n=2531 mean=0.9286 sd=0.0666 median=0.9440 min=0.0384 max=0.9944
[2026-06-01 15:49:09] [INFO] Demographic summaries
[2026-06-01 15:49:09] [INFO] Demographic summaries
[2026-06-01 15:49:10] [INFO] Gender (Geschlecht)
[2026-06-01 15:49:10] [INFO] Gender (Geschlecht)
[2026-06-01 15:49:10] [INFO]  - divers : 27
[2026-06-01 15:49:10] [INFO]  - divers : 27
[2026-06-01 15:49:10] [INFO]  - keine Antwort : 9
[2026-06-01 15:49:10] [INFO]  - keine Antwort : 9
[2026-06-01 15:49:10] [INFO]  - männlich : 662
[2026-06-01 15:49:10] [INFO]  - männlich : 662
[2026-06-01 15:49:10] [INFO]  - weiblich : 1776
[2026-06-01 15:49:10] [INFO]  - weiblich : 1776
[2026-06-01 15:49:20] [INFO] Education (Höchster Bildungsabschluss)
[2026-06-01 15:49:20] [INFO] Education (Höchster Bildungsabschluss)
[2026-06-01 15:49:20] [INFO]  - (Fach-)hochschulreife (z. B. Abitur, Fachabitur) : 1603
[2026-06-01 15:49:20] [INFO]  - (Fach-)hochschulreife (z. B. Abitur, Fachabitur) : 1603
[2026-06-01 15:49:20] [INFO]  - Berufsausbildung : 221
[2026-06-01 15:49:20] [INFO]  - Berufsausbildung : 221
[2026-06-01 15:49:20] [INFO]  - Hauptschulabschluss : 8
[2026-06-01 15:49:20] [INFO]  - Hauptschulabschluss : 8
[2026-06-01 15:49:20] [INFO]  - Hochschulabschluss (Bachelor, Master, Promotion) : 617
[2026-06-01 15:49:20] [INFO]  - Hochschulabschluss (Bachelor, Master, Promotion) : 617
[2026-06-01 15:49:20] [INFO]  - Mittlere Reife/Realschulabschluss : 24
[2026-06-01 15:49:20] [INFO]  - Mittlere Reife/Realschulabschluss : 24
[2026-06-01 15:49:20] [INFO]  - Ohne Schulabschluss : 1
[2026-06-01 15:49:20] [INFO]  - Ohne Schulabschluss : 1
[2026-06-01 15:49:42] [INFO] Handedness (Händigkeit)
[2026-06-01 15:49:42] [INFO] Handedness (Händigkeit)
[2026-06-01 15:49:42] [INFO]  - Beidhänder:in : 61
[2026-06-01 15:49:42] [INFO]  - Beidhänder:in : 61
[2026-06-01 15:49:42] [INFO]  - Linkshänder:in : 232
[2026-06-01 15:49:42] [INFO]  - Linkshänder:in : 232
[2026-06-01 15:49:42] [INFO]  - Rechtshänder:in : 2181
[2026-06-01 15:49:42] [INFO]  - Rechtshänder:in : 2181
[2026-06-01 15:49:48] [INFO] Native German (Haben Sie Deutsch als Muttersprache (vor dem 2. Lebensjahr) erworben?)
[2026-06-01 15:49:48] [INFO] Native German (Haben Sie Deutsch als Muttersprache (vor dem 2. Lebensjahr) erworben?)
[2026-06-01 15:49:48] [INFO]  - ja : 2474
[2026-06-01 15:49:48] [INFO]  - ja : 2474
[2026-06-01 15:49:52] [INFO] Other language early (Haben Sie vor dem 2. Lebensjahr eine andere Sprache als Deutsch gelernt?)
[2026-06-01 15:49:52] [INFO] Other language early (Haben Sie vor dem 2. Lebensjahr eine andere Sprache als Deutsch gelernt?)
[2026-06-01 15:49:52] [INFO]  - ja : 336
[2026-06-01 15:49:52] [INFO]  - ja : 336
[2026-06-01 15:49:52] [INFO]  - nein : 2138
[2026-06-01 15:49:52] [INFO]  - nein : 2138
[2026-06-01 15:50:04] [INFO] Multilingual (Sind Sie mehrsprachig (d.h., sprechen Sie mehr als eine Sprache)?)
[2026-06-01 15:50:04] [INFO] Multilingual (Sind Sie mehrsprachig (d.h., sprechen Sie mehr als eine Sprache)?)
[2026-06-01 15:50:04] [INFO]  - ja : 2251
[2026-06-01 15:50:04] [INFO]  - ja : 2251
[2026-06-01 15:50:04] [INFO]  - nein : 223
[2026-06-01 15:50:04] [INFO]  - nein : 223
[2026-06-01 15:50:11] [INFO] Language variety (Welche ist Ihre vertrauteste Sprechweise?)
[2026-06-01 15:50:11] [INFO] Language variety (Welche ist Ihre vertrauteste Sprechweise?)
[2026-06-01 15:50:11] [INFO]  - dialekt : 173
[2026-06-01 15:50:11] [INFO]  - dialekt : 173
[2026-06-01 15:50:11] [INFO]  - hochdeutsch : 1589
[2026-06-01 15:50:11] [INFO]  - hochdeutsch : 1589
[2026-06-01 15:50:11] [INFO]  - regional : 712
[2026-06-01 15:50:11] [INFO]  - regional : 712
[2026-06-01 15:50:16] [STAGE] 6. Build and save plots
[2026-06-01 15:50:16] [STAGE] 6. Build and save plots
[2026-06-01 15:50:29] [INFO] Saved plot: output/plots/rt_boxplot_by_type.pdf
[2026-06-01 15:50:29] [INFO] Saved plot: output/plots/rt_boxplot_by_type.pdf
[2026-06-01 15:50:29] [INFO] Saved plot mirror: C:/Users/alion/OneDrive/1.work/04_GermanLexiconProject/00_analysis/output/plots/rt_boxplot_by_type.pdf
[2026-06-01 15:50:29] [INFO] Saved plot mirror: C:/Users/alion/OneDrive/1.work/04_GermanLexiconProject/00_analysis/output/plots/rt_boxplot_by_type.pdf
[2026-06-01 15:50:38] [INFO] Saved plot: output/plots/rt_violin_by_type.pdf
[2026-06-01 15:50:38] [INFO] Saved plot: output/plots/rt_violin_by_type.pdf
[2026-06-01 15:50:38] [INFO] Saved plot mirror: C:/Users/alion/OneDrive/1.work/04_GermanLexiconProject/00_analysis/output/plots/rt_violin_by_type.pdf
[2026-06-01 15:50:38] [INFO] Saved plot mirror: C:/Users/alion/OneDrive/1.work/04_GermanLexiconProject/00_analysis/output/plots/rt_violin_by_type.pdf
[2026-06-01 15:51:16] [INFO] Saved plot: output/plots/accuracy_by_type.pdf
[2026-06-01 15:51:16] [INFO] Saved plot: output/plots/accuracy_by_type.pdf
[2026-06-01 15:51:16] [INFO] Saved plot mirror: C:/Users/alion/OneDrive/1.work/04_GermanLexiconProject/00_analysis/output/plots/accuracy_by_type.pdf
[2026-06-01 15:51:16] [INFO] Saved plot mirror: C:/Users/alion/OneDrive/1.work/04_GermanLexiconProject/00_analysis/output/plots/accuracy_by_type.pdf
[2026-06-01 15:51:17] [INFO] Saved plot: output/plots/accuracy_by_block.pdf
[2026-06-01 15:51:17] [INFO] Saved plot: output/plots/accuracy_by_block.pdf
[2026-06-01 15:51:17] [INFO] Saved plot mirror: C:/Users/alion/OneDrive/1.work/04_GermanLexiconProject/00_analysis/output/plots/accuracy_by_block.pdf
[2026-06-01 15:51:17] [INFO] Saved plot mirror: C:/Users/alion/OneDrive/1.work/04_GermanLexiconProject/00_analysis/output/plots/accuracy_by_block.pdf
[2026-06-01 15:51:19] [INFO] Saved plot: output/plots/rt_by_block.pdf
[2026-06-01 15:51:19] [INFO] Saved plot: output/plots/rt_by_block.pdf
[2026-06-01 15:51:19] [INFO] Saved plot mirror: C:/Users/alion/OneDrive/1.work/04_GermanLexiconProject/00_analysis/output/plots/rt_by_block.pdf
[2026-06-01 15:51:19] [INFO] Saved plot mirror: C:/Users/alion/OneDrive/1.work/04_GermanLexiconProject/00_analysis/output/plots/rt_by_block.pdf
[2026-06-01 15:51:22] [INFO] Saved plot: output/plots/participant_rt_accuracy_scatter.pdf
[2026-06-01 15:51:22] [INFO] Saved plot: output/plots/participant_rt_accuracy_scatter.pdf
[2026-06-01 15:51:22] [INFO] Saved plot mirror: C:/Users/alion/OneDrive/1.work/04_GermanLexiconProject/00_analysis/output/plots/participant_rt_accuracy_scatter.pdf
[2026-06-01 15:51:22] [INFO] Saved plot mirror: C:/Users/alion/OneDrive/1.work/04_GermanLexiconProject/00_analysis/output/plots/participant_rt_accuracy_scatter.pdf
[2026-06-01 15:51:26] [INFO] Saved plot: output/plots/rt_histogram.pdf
[2026-06-01 15:51:26] [INFO] Saved plot: output/plots/rt_histogram.pdf
[2026-06-01 15:51:26] [INFO] Saved plot mirror: C:/Users/alion/OneDrive/1.work/04_GermanLexiconProject/00_analysis/output/plots/rt_histogram.pdf
[2026-06-01 15:51:26] [INFO] Saved plot mirror: C:/Users/alion/OneDrive/1.work/04_GermanLexiconProject/00_analysis/output/plots/rt_histogram.pdf
[2026-06-01 15:51:27] [INFO] Saved plot: output/plots/accuracy_histogram.pdf
[2026-06-01 15:51:27] [INFO] Saved plot: output/plots/accuracy_histogram.pdf
[2026-06-01 15:51:27] [INFO] Saved plot mirror: C:/Users/alion/OneDrive/1.work/04_GermanLexiconProject/00_analysis/output/plots/accuracy_histogram.pdf
[2026-06-01 15:51:27] [INFO] Saved plot mirror: C:/Users/alion/OneDrive/1.work/04_GermanLexiconProject/00_analysis/output/plots/accuracy_histogram.pdf
[2026-06-01 15:51:28] [INFO] Saved plot: output/plots/age_histogram.pdf
[2026-06-01 15:51:28] [INFO] Saved plot: output/plots/age_histogram.pdf
[2026-06-01 15:51:28] [INFO] Saved plot mirror: C:/Users/alion/OneDrive/1.work/04_GermanLexiconProject/00_analysis/output/plots/age_histogram.pdf
[2026-06-01 15:51:28] [INFO] Saved plot mirror: C:/Users/alion/OneDrive/1.work/04_GermanLexiconProject/00_analysis/output/plots/age_histogram.pdf
[2026-06-01 15:51:32] [INFO] Saved CSV: output/summary/summary_origin_group_counts.csv
[2026-06-01 15:51:32] [INFO] Saved CSV: output/summary/summary_origin_group_counts.csv
[2026-06-01 15:51:32] [INFO] Saved CSV mirror: C:/Users/alion/OneDrive/1.work/04_GermanLexiconProject/00_analysis/output/summary/summary_origin_group_counts.csv
[2026-06-01 15:51:32] [INFO] Saved CSV mirror: C:/Users/alion/OneDrive/1.work/04_GermanLexiconProject/00_analysis/output/summary/summary_origin_group_counts.csv
[2026-06-01 15:51:40] [INFO] Participants assigned to German origin map: 2262
[2026-06-01 15:51:40] [INFO] Participants assigned to German origin map: 2262
[2026-06-01 15:51:40] [INFO] Distinct 2-digit PLZ prefixes in sample: 95
[2026-06-01 15:51:40] [INFO] Distinct 2-digit PLZ prefixes in sample: 95
[2026-06-01 15:53:58] [INFO] Saved plot: output/plots/german_origin_plz_map.pdf
[2026-06-01 15:53:58] [INFO] Saved plot: output/plots/german_origin_plz_map.pdf
[2026-06-01 15:53:58] [INFO] Saved plot mirror: C:/Users/alion/OneDrive/1.work/04_GermanLexiconProject/00_analysis/output/plots/german_origin_plz_map.pdf
[2026-06-01 15:53:58] [INFO] Saved plot mirror: C:/Users/alion/OneDrive/1.work/04_GermanLexiconProject/00_analysis/output/plots/german_origin_plz_map.pdf
[2026-06-01 15:53:58] [STAGE] 7. Final report
[2026-06-01 15:53:58] [STAGE] 7. Final report
[2026-06-01 15:53:58] [INFO] Analysis complete.
[2026-06-01 15:53:58] [INFO] Analysis complete.
[2026-06-01 15:53:58] [INFO] Summary directory (local): output/summary
[2026-06-01 15:53:58] [INFO] Summary directory (local): output/summary
[2026-06-01 15:53:58] [INFO] Summary directory (mirror): C:/Users/alion/OneDrive/1.work/04_GermanLexiconProject/00_analysis/output/summary
[2026-06-01 15:53:58] [INFO] Summary directory (mirror): C:/Users/alion/OneDrive/1.work/04_GermanLexiconProject/00_analysis/output/summary
[2026-06-01 15:53:58] [INFO] Plot directory (local): output/plots
[2026-06-01 15:53:58] [INFO] Plot directory (local): output/plots
[2026-06-01 15:53:58] [INFO] Plot directory (mirror): C:/Users/alion/OneDrive/1.work/04_GermanLexiconProject/00_analysis/output/plots
[2026-06-01 15:53:58] [INFO] Plot directory (mirror): C:/Users/alion/OneDrive/1.work/04_GermanLexiconProject/00_analysis/output/plots
[2026-06-01 15:53:58] [INFO] Log file (local): output/log/analysis_log_2026-06-01_15-42-58.log
[2026-06-01 15:53:58] [INFO] Log file (local): output/log/analysis_log_2026-06-01_15-42-58.log
[2026-06-01 15:53:58] [INFO] Log file (mirror): C:/Users/alion/OneDrive/1.work/04_GermanLexiconProject/00_analysis/output/log/analysis_log_2026-06-01_15-42-58.log
[2026-06-01 15:53:58] [INFO] Log file (mirror): C:/Users/alion/OneDrive/1.work/04_GermanLexiconProject/00_analysis/output/log/analysis_log_2026-06-01_15-42-58.log
