=== Lexical Decision Data Cleaning and Merging ===

[2026-06-02 19:08:11] [STAGE] Script started
[2026-06-02 19:08:11] [INFO] Evaluation start time: 2026-06-02 19:08:11
[2026-06-02 19:08:11] [INFO] Working directory: C:/Users/alion/OneDrive/1.work/04_GermanLexiconProject/00_data_project
[2026-06-02 19:08:11] [INFO] Input directory: C:/Users/alion/OneDrive/1.work/04_GermanLexiconProject/00_data_project/data
[2026-06-02 19:08:12] [INFO] Output prefix: C:/Users/alion/OneDrive/1.work/04_GermanLexiconProject/00_data_project/output
[2026-06-02 19:08:12] [INFO] Local log file: C:/Users/alion/OneDrive/1.work/04_GermanLexiconProject/00_data_project/output/log/merger_log_2026-06-02_19-08-11.log

[2026-06-02 19:08:12] [STAGE] Discovering CSV files
[2026-06-02 19:08:13] [INFO] Found 31639 CSV files
[2026-06-02 19:08:14] [INFO] uni_pid values with multiple demo files: 1
[2026-06-02 19:08:14] [INFO] Affected uni_pids: iu_904386
[2026-06-02 19:08:24] [INFO] All block files discovered: 28809
[2026-06-02 19:08:24] [INFO] All demo files discovered: 2830
[2026-06-02 19:08:24] [INFO] Demo files with parseable participant IDs: 2830
[2026-06-02 19:08:24] [INFO] Participants defined by demo files: 2830
[2026-06-02 19:08:24] [INFO] Block files linked to demo participants: 28236
[2026-06-02 19:08:24] [INFO] Participants with block1 file but no demo file: 178
[2026-06-02 19:08:24] [INFO] File discovery complete (elapsed: 12.9s)

[2026-06-02 19:08:24] [STAGE] Checking block completeness per participant
[2026-06-02 19:08:25] [INFO] Participants checked: 2830
[2026-06-02 19:08:25] [INFO] Participants missing >=1 block: 34
[2026-06-02 19:08:25] [INFO] Example participant IDs with missing blocks: aachen_697631, aachen_768000, darmstadt_684838, dresden_260249, dresden_534087, dresden_802381, erfurt_947809, frankfurt_prolific_645726, frankfurt_sona_488028, hagen_619295
[2026-06-02 19:08:25] [INFO] Block completeness check complete (elapsed: 0.9s)

[2026-06-02 19:08:25] [STAGE] Participant exclusion summary
[2026-06-02 19:08:25] [INFO] Initial participants (demo-defined cohort): 2830
[2026-06-02 19:08:25] [INFO] Excluded at step 1 (missing blocks 1-10): 34
[2026-06-02 19:08:25] [INFO] Retained after step 1: 2796
[2026-06-02 19:08:25] [INFO] Block files loaded before trial-level exclusions: 28236
[2026-06-02 19:08:25] [INFO] Demo files loaded before trial-level exclusions: 2830

[2026-06-02 19:08:25] [STAGE] Reading and combining block trial files
[2026-06-02 19:25:16] [INFO] Block files processed successfully: 28236
[2026-06-02 19:25:16] [INFO] Block files skipped (parse): 0
[2026-06-02 19:25:16] [INFO] Block files failed to read: 0
[2026-06-02 19:25:16] [INFO] Block files empty: 0
[2026-06-02 19:25:16] [INFO] Total trial rows before cleaning: 3529010
[2026-06-02 19:25:16] [INFO] Block reading complete (elapsed: 1010.7s)

[2026-06-02 19:25:16] [STAGE] Cleaning trial data
[2026-06-02 19:29:07] [INFO] Trial rows after cleaning: 3529010
[2026-06-02 19:29:07] [INFO] Trial data cleaning complete (elapsed: 230.8s)

[2026-06-02 19:29:07] [STAGE] Applying step 1 exclusion to trials
[2026-06-02 19:29:12] [INFO] Step 1 excluded trial rows: 34451
[2026-06-02 19:29:12] [INFO] Trial rows retained after step 1: 3494559
[2026-06-02 19:29:12] [INFO] Step 1 trial exclusion complete (elapsed: 4.9s)

[2026-06-02 19:29:12] [STAGE] Final participant exclusion by minimum trial count
[2026-06-02 19:29:12] [INFO] Excluded at step 2 (<1250 total trials): 1
[2026-06-02 19:29:12] [INFO] Retained after step 2: 2795
[2026-06-02 19:29:12] [INFO] Trial rows after step 2 exclusion: 3493750
[2026-06-02 19:29:12] [INFO] Step 2 excluded trial rows: 809
[2026-06-02 19:29:12] [INFO] Total excluded trial rows (all steps): 35260
[2026-06-02 19:29:12] [INFO] Example excluded participant IDs (<1250 trials): darmstadt_761389
[2026-06-02 19:29:12] [INFO] Trial-count exclusion complete (elapsed: 0.7s)

[2026-06-02 19:29:13] [STAGE] Reading and combining demographics files
[2026-06-02 19:30:43] [INFO] Demo files processed successfully: 2793
[2026-06-02 19:30:43] [INFO] Demo files skipped (parse): 0
[2026-06-02 19:30:43] [INFO] Demo files failed to read: 0
[2026-06-02 19:30:43] [INFO] Demo files empty: 0
[2026-06-02 19:30:43] [INFO] Total demo rows before summarising: 8379
[2026-06-02 19:30:43] [INFO] Demographics reading complete (elapsed: 90.4s)

[2026-06-02 19:30:43] [STAGE] Summarising demographics to one row per participant
[2026-06-02 19:30:43] [INFO] Demographics summarised for 2793 participants
[2026-06-02 19:30:43] [INFO] Demographics summarisation complete (elapsed: 0.5s)

[2026-06-02 19:30:43] [STAGE] Merging trial and demographics
[2026-06-02 19:30:44] [INFO] Rows after merge: 3493750
[2026-06-02 19:30:44] [INFO] Columns after merge: 36
[2026-06-02 19:30:44] [INFO] Merge complete (elapsed: 0.6s)

[2026-06-02 19:30:44] [STAGE] Applying final column ordering and derived variables
[2026-06-02 19:30:45] [INFO] Final dataset rows: 3493750
[2026-06-02 19:30:45] [INFO] Final dataset columns: 31
[2026-06-02 19:30:45] [INFO] Final transformations complete (elapsed: 0.6s)

[2026-06-02 19:30:45] [STAGE] Participant exclusion by native German status
[2026-06-02 19:30:46] [INFO] Excluded at step 3 (non-native German): 259
[2026-06-02 19:30:46] [INFO] Step 3 excluded trial rows: 323750
[2026-06-02 19:30:46] [INFO] Retained after step 3: 2536
[2026-06-02 19:30:46] [INFO] Example excluded participant IDs (non-native German): aachen_491681, aachen_648675, aachen_868996, bamberg_925330, bochum_prolific_324656, bochum_prolific_48559, bochum_prolific_854332, bochum_prolific_975356, darmstadt_252004, darmstadt_735470
[2026-06-02 19:30:46] [INFO] Native German exclusion complete (elapsed: 1.1s)

[2026-06-02 19:30:46] [STAGE] Participant exclusion by minimum accuracy threshold
[2026-06-02 19:30:51] [INFO] Excluded at step 4 (accuracy < 0.75): 54
[2026-06-02 19:30:51] [INFO] Step 4 excluded trial rows: 67500
[2026-06-02 19:30:51] [INFO] Retained after step 4: 2482
[2026-06-02 19:30:51] [INFO] Example excluded participant IDs (accuracy < 0.75): aachen_285037, aachen_687894, aachen_75928, bochum_prolific_711020, darmstadt_376496, darmstadt_656064, darmstadt_661877, darmstadt_908012, erfurt_763016, frankfurt_prolific_68270
[2026-06-02 19:30:51] [INFO] Total excluded trial rows (all steps): 426510
[2026-06-02 19:30:51] [INFO] Accuracy-threshold exclusion complete (elapsed: 5.1s)

[2026-06-02 19:30:51] [STAGE] Participant exclusion by minimum age threshold
[2026-06-02 19:30:51] [INFO] Participants with missing/unparseable age (not excluded): 15
[2026-06-02 19:30:51] [INFO] Missing age IDs: aachen_526401, dresden_440799, erfurt_866893, frankfurt_prolific_220072, fu_190304, fu_699906, graz_926370, hagen_758477, hildesheim_751663, hu_805894
[2026-06-02 19:30:52] [INFO] Excluded at step 5 (age < 18): 3
[2026-06-02 19:30:52] [INFO] Step 5 excluded trial rows: 3750
[2026-06-02 19:30:52] [INFO] Retained after step 5: 2479
[2026-06-02 19:30:52] [INFO] Example excluded participant IDs (underage): fu_269034, koeln_429072, koeln_54533
[2026-06-02 19:30:52] [INFO] Age exclusion complete (elapsed: 1.3s)

[2026-06-02 19:30:52] [STAGE] Writing output file
[2026-06-02 19:30:52] [INFO] Writing final precleaned output to: raw_data/final_data_precleaned_2026-06-02_19-08-11.csv
[2026-06-02 19:30:52] [INFO] Writing snapshot after step 3 to: output/snapshot_after_step3_2026-06-02_19-08-11.csv
[2026-06-02 19:30:52] [INFO] Writing exclusions (all steps) to: output/exclusions_all_data_cleaned_2026-06-02_19-08-11.csv
[2026-06-02 19:30:53] [INFO] Successfully wrote 3170000 rows to output/snapshot_after_step3_2026-06-02_19-08-11.csv
[2026-06-02 19:30:54] [INFO] Successfully wrote 3098750 rows to raw_data/final_data_precleaned_2026-06-02_19-08-11.csv
[2026-06-02 19:30:55] [INFO] Successfully wrote 3098750 anonymized rows to clean_data/anonymized_final_data_precleaned_2026-06-02_19-08-11.csv
[2026-06-02 19:30:55] [INFO] Successfully wrote 430260 excluded trial rows to output/exclusions_all_data_cleaned_2026-06-02_19-08-11.csv
[2026-06-02 19:30:55] [INFO] Output writing complete (elapsed: 3.3s)

[2026-06-02 19:30:55] [STAGE] Cleaning data finished
[2026-06-02 19:30:55] [INFO] Total runtime: 1364.0 seconds

[2026-06-02 19:30:55] [STAGE] Final participant exclusion summary
[2026-06-02 19:30:55] [INFO] --------------------------------------------------
[2026-06-02 19:30:55] [INFO] INITIAL participants: 2830
[2026-06-02 19:30:55] [INFO] Excluded step 1 (missing blocks): 34
[2026-06-02 19:30:55] [INFO] Excluded step 2 (<1250 trials): 1
[2026-06-02 19:30:55] [INFO] Excluded step 3 (non-native German): 259
[2026-06-02 19:30:55] [INFO] Excluded step 4 (accuracy < 0.75): 54
[2026-06-02 19:30:55] [INFO] Excluded step 5 (underage): 3
[2026-06-02 19:30:55] [INFO] --------------------------------------------------
[2026-06-02 19:30:55] [INFO] TOTAL excluded participants (unique): 351
[2026-06-02 19:30:55] [INFO] FINAL participants retained: 2479
[2026-06-02 19:30:55] [INFO] --------------------------------------------------
[2026-06-02 19:30:55] [INFO] Final exclusion summary complete (elapsed: 0.1s)

[2026-06-02 19:30:57] [STAGE] Refill ID mapping (full reconstruction approach)
[2026-06-02 19:30:57] [INFO] Total possible global IDs: 2170

[2026-06-02 19:30:57] [STAGE] Reconstructing valid global IDs
[2026-06-02 19:30:58] [INFO] Valid global IDs: 2170

[2026-06-02 19:30:58] [STAGE] Reconstructing excluded global IDs
[2026-06-02 19:30:58] [INFO] Excluded global IDs: 299

[2026-06-02 19:30:58] [STAGE] Computing refill IDs
[2026-06-02 19:30:58] [INFO] Total IDs needing sampling: 0

[2026-06-02 19:30:58] [STAGE] Diagnostics
[2026-06-02 19:30:58] [INFO] IDs from exclusions: 0
[2026-06-02 19:30:58] [INFO] IDs never sampled: 0
[2026-06-02 19:30:58] [INFO] Refill ID list written to: output/ids_to_refill_2026-06-02_19-08-11.txt

[2026-06-02 19:30:58] [STAGE] Computing participant counts per list

[2026-06-02 19:38:23] [STAGE] Refill ID mapping (full reconstruction approach)
[2026-06-02 19:38:26] [INFO] Total possible global IDs: 2170

[2026-06-02 19:38:26] [STAGE] Reconstructing valid global IDs
[2026-06-02 19:38:28] [INFO] Valid global IDs: 2170

[2026-06-02 19:38:29] [STAGE] Reconstructing excluded global IDs
[2026-06-02 19:38:31] [INFO] Excluded global IDs: 299

[2026-06-02 19:38:34] [STAGE] Computing refill IDs
[2026-06-02 19:38:36] [INFO] Total IDs needing sampling: 0

[2026-06-02 19:38:37] [STAGE] Diagnostics
[2026-06-02 19:38:39] [INFO] IDs from exclusions: 0
[2026-06-02 19:38:39] [INFO] IDs never sampled: 0
[2026-06-02 19:38:45] [INFO] Refill ID list written to: output/ids_to_refill_2026-06-02_19-08-11.txt

[2026-06-02 19:38:46] [STAGE] Diagnosing duplicated IDs and overused lists
[2026-06-02 19:38:56] [INFO] Number of duplicated global IDs: 307
[2026-06-02 19:38:56] [INFO] Top duplicated IDs: 1445, 1665, 28, 37, 38, 39, 47, 56, 57, 62, 68, 78, 84, 87, 88, 90, 105, 109, 110, 111
[2026-06-02 19:38:56] [INFO] Number of overused lists: 67
[2026-06-02 19:38:56] [INFO] Overused lists (list: excess participants): 35:12, 10:10, 13:10, 27:10, 2:9, 9:9, 22:9, 7:8, 11:8, 17:8, 25:8, 26:8, 28:8, 3:7, 30:7, 34:7, 50:7, 5:6, 6:6, 14:6, 19:6, 24:6, 31:6, 32:6, 33:6, 1:5, 12:5, 16:5, 20:5, 21:5, 15:4, 18:4, 38:4, 44:4, 53:4, 61:4, 4:3, 23:3, 29:3, 37:3, 45:3, 46:3, 48:3, 57:3, 59:3, 60:3, 66:3, 8:2, 36:2, 39:2, 40:2, 47:2, 49:2, 52:2, 54:2, 55:2, 56:2, 62:2, 67:2, 69:2, 70:2, 41:1, 42:1, 43:1, 51:1, 58:1, 64:1
[2026-06-02 19:38:57] [INFO] Duplicated participant slots within lists: 307
[2026-06-02 19:38:57] [INFO] Diagnostic files written to output/

[2026-06-02 19:38:57] [STAGE] Computing participant counts per list
[2026-06-02 19:39:04] [INFO] List-level participant summary:
[2026-06-02 19:39:07] [INFO] Lists with deviations from expected:
[2026-06-02 19:39:09] [INFO] Sample of lists with missing participants:
[2026-06-02 19:39:09] [INFO] Sample of lists with additional participants:
[2026-06-02 19:39:12] [INFO] Total missing participants across all lists: 0
[2026-06-02 19:39:12] [INFO] Total additional participants across all lists: 307
[2026-06-02 19:39:13] [INFO] Net deviation (additional - missing): 307
[2026-06-02 19:39:32] [INFO] Expected refill IDs from earlier calculation: 0
[2026-06-02 19:39:34] [INFO] Total missing from list summary: 0
[2026-06-02 19:39:35] [INFO] ✓ Consistency check passed: missing count matches refill IDs
[2026-06-02 19:39:38] [INFO] List summary written to: output/list_summary_2026-06-02_19-08-11.csv
[2026-06-02 19:39:42] [INFO] Detailed additional IDs written to: output/additional_ids_detail_2026-06-02_19-08-11.csv
[2026-06-02 19:39:44] [INFO] Script finished successfully
